# JRE version: Java(TM) SE Runtime Environment (7.0_51-b13) (build 1.7.0_51-b13)
# Java VM: Java HotSpot(TM) 64-Bit Server VM (24.51-b03 mixed mode bsd-amd64 compressed oops)
Heap
 PSYoungGen      total 612352K, used 46805K [0x00000007d5500000, 0x0000000800000000, 0x0000000800000000)
  eden space 525312K, 7% used [0x00000007d5500000,0x00000007d7a23d00,0x00000007f5600000)
  from space 87040K, 10% used [0x00000007f5600000,0x00000007f5e91aa0,0x00000007fab00000)
  to   space 10752K, 0% used [0x00000007ff580000,0x00000007ff580000,0x0000000800000000)
 ParOldGen       total 1398272K, used 24K [0x000000077ff80000, 0x00000007d5500000, 0x00000007d5500000)
  object space 1398272K, 0% used [0x000000077ff80000,0x000000077ff86000,0x00000007d5500000)
 PSPermGen       total 21504K, used 12805K [0x000000077ad80000, 0x000000077c280000, 0x000000077ff80000)
  object space 21504K, 59% used [0x000000077ad80000,0x000000077ba01508,0x000000077c280000)
GC Heap History (10 events):
Event: 4.584 GC heap before
{Heap before GC invocations=1 (full 0):
 PSYoungGen      total 612352K, used 525312K [0x00000007d5500000, 0x0000000800000000, 0x0000000800000000)
  eden space 525312K, 100% used [0x00000007d5500000,0x00000007f5600000,0x00000007f5600000)
  from space 87040K, 0% used [0x00000007fab00000,0x00000007fab00000,0x0000000800000000)
  to   space 87040K, 0% used [0x00000007f5600000,0x00000007f5600000,0x00000007fab00000)
 ParOldGen       total 1398272K, used 0K [0x000000077ff80000, 0x00000007d5500000, 0x00000007d5500000)
  object space 1398272K, 0% used [0x000000077ff80000,0x000000077ff80000,0x00000007d5500000)
 PSPermGen       total 21504K, used 12611K [0x000000077ad80000, 0x000000077c280000, 0x000000077ff80000)
  object space 21504K, 58% used [0x000000077ad80000,0x000000077b9d0ce0,0x000000077c280000)
Event: 4.605 GC heap after
Heap after GC invocations=1 (full 0):
 PSYoungGen      total 612352K, used 9292K [0x00000007d5500000, 0x0000000800000000, 0x0000000800000000)
  eden space 525312K, 0% used [0x00000007d5500000,0x00000007d5500000,0x00000007f5600000)
  from space 87040K, 10% used [0x00000007f5600000,0x00000007f5f13060,0x00000007fab00000)
  to   space 87040K, 0% used [0x00000007fab00000,0x00000007fab00000,0x0000000800000000)
 ParOldGen       total 1398272K, used 8K [0x000000077ff80000, 0x00000007d5500000, 0x00000007d5500000)
  object space 1398272K, 0% used [0x000000077ff80000,0x000000077ff82000,0x00000007d5500000)
 PSPermGen       total 21504K, used 12611K [0x000000077ad80000, 0x000000077c280000, 0x000000077ff80000)
  object space 21504K, 58% used [0x000000077ad80000,0x000000077b9d0ce0,0x000000077c280000)
}
Event: 6.605 GC heap before
{Heap before GC invocations=2 (full 0):
 PSYoungGen      total 612352K, used 534604K [0x00000007d5500000, 0x0000000800000000, 0x0000000800000000)
  eden space 525312K, 100% used [0x00000007d5500000,0x00000007f5600000,0x00000007f5600000)
  from space 87040K, 10% used [0x00000007f5600000,0x00000007f5f13060,0x00000007fab00000)
  to   space 87040K, 0% used [0x00000007fab00000,0x00000007fab00000,0x0000000800000000)
 ParOldGen       total 1398272K, used 8K [0x000000077ff80000, 0x00000007d5500000, 0x00000007d5500000)
  object space 1398272K, 0% used [0x000000077ff80000,0x000000077ff82000,0x00000007d5500000)
 PSPermGen       total 21504K, used 12691K [0x000000077ad80000, 0x000000077c280000, 0x000000077ff80000)
  object space 21504K, 59% used [0x000000077ad80000,0x000000077b9e4f40,0x000000077c280000)
Event: 6.618 GC heap after
Heap after GC invocations=2 (full 0):
 PSYoungGen      total 612352K, used 6426K [0x00000007d5500000, 0x0000000800000000, 0x0000000800000000)
  eden space 525312K, 0% used [0x00000007d5500000,0x00000007d5500000,0x00000007f5600000)
  from space 87040K, 7% used [0x00000007fab00000,0x00000007fb146ab0,0x0000000800000000)
  to   space 87040K, 0% used [0x00000007f5600000,0x00000007f5600000,0x00000007fab00000)
 ParOldGen       total 1398272K, used 8K [0x000000077ff80000, 0x00000007d5500000, 0x00000007d5500000)
  object space 1398272K, 0% used [0x000000077ff80000,0x000000077ff82000,0x00000007d5500000)
 PSPermGen       total 21504K, used 12691K [0x000000077ad80000, 0x000000077c280000, 0x000000077ff80000)
  object space 21504K, 59% used [0x000000077ad80000,0x000000077b9e4f40,0x000000077c280000)
}
Event: 8.390 GC heap before
{Heap before GC invocations=3 (full 0):
 PSYoungGen      total 612352K, used 531738K [0x00000007d5500000, 0x0000000800000000, 0x0000000800000000)
  eden space 525312K, 100% used [0x00000007d5500000,0x00000007f5600000,0x00000007f5600000)
  from space 87040K, 7% used [0x00000007fab00000,0x00000007fb146ab0,0x0000000800000000)
  to   space 87040K, 0% used [0x00000007f5600000,0x00000007f5600000,0x00000007fab00000)
 ParOldGen       total 1398272K, used 8K [0x000000077ff80000, 0x00000007d5500000, 0x00000007d5500000)
  object space 1398272K, 0% used [0x000000077ff80000,0x000000077ff82000,0x00000007d5500000)
 PSPermGen       total 21504K, used 12720K [0x000000077ad80000, 0x000000077c280000, 0x000000077ff80000)
  object space 21504K, 59% used [0x000000077ad80000,0x000000077b9ec118,0x000000077c280000)
Event: 8.399 GC heap after
Heap after GC invocations=3 (full 0):
 PSYoungGen      total 612352K, used 5138K [0x00000007d5500000, 0x0000000800000000, 0x0000000800000000)
  eden space 525312K, 0% used [0x00000007d5500000,0x00000007d5500000,0x00000007f5600000)
  from space 87040K, 5% used [0x00000007f5600000,0x00000007f5b04a10,0x00000007fab00000)
  to   space 87040K, 0% used [0x00000007fab00000,0x00000007fab00000,0x0000000800000000)
 ParOldGen       total 1398272K, used 16K [0x000000077ff80000, 0x00000007d5500000, 0x00000007d5500000)
  object space 1398272K, 0% used [0x000000077ff80000,0x000000077ff84000,0x00000007d5500000)
 PSPermGen       total 21504K, used 12720K [0x000000077ad80000, 0x000000077c280000, 0x000000077ff80000)
  object space 21504K, 59% used [0x000000077ad80000,0x000000077b9ec118,0x000000077c280000)
}
Event: 17.629 GC heap before
{Heap before GC invocations=4 (full 0):
 PSYoungGen      total 612352K, used 530450K [0x00000007d5500000, 0x0000000800000000, 0x0000000800000000)
  eden space 525312K, 100% used [0x00000007d5500000,0x00000007f5600000,0x00000007f5600000)
  from space 87040K, 5% used [0x00000007f5600000,0x00000007f5b04a10,0x00000007fab00000)
  to   space 87040K, 0% used [0x00000007fab00000,0x00000007fab00000,0x0000000800000000)
 ParOldGen       total 1398272K, used 16K [0x000000077ff80000, 0x00000007d5500000, 0x00000007d5500000)
  object space 1398272K, 0% used [0x000000077ff80000,0x000000077ff84000,0x00000007d5500000)
 PSPermGen       total 21504K, used 12788K [0x000000077ad80000, 0x000000077c280000, 0x000000077ff80000)
  object space 21504K, 59% used [0x000000077ad80000,0x000000077b9fd1a8,0x000000077c280000)
Event: 17.639 GC heap after
Heap after GC invocations=4 (full 0):
 PSYoungGen      total 612352K, used 5426K [0x00000007d5500000, 0x0000000800000000, 0x0000000800000000)
  eden space 525312K, 0% used [0x00000007d5500000,0x00000007d5500000,0x00000007f5600000)
  from space 87040K, 6% used [0x00000007fab00000,0x00000007fb04ca30,0x0000000800000000)
  to   space 87040K, 0% used [0x00000007f5600000,0x00000007f5600000,0x00000007fab00000)
 ParOldGen       total 1398272K, used 24K [0x000000077ff80000, 0x00000007d5500000, 0x00000007d5500000)
  object space 1398272K, 0% used [0x000000077ff80000,0x000000077ff86000,0x00000007d5500000)
 PSPermGen       total 21504K, used 12788K [0x000000077ad80000, 0x000000077c280000, 0x000000077ff80000)
  object space 21504K, 59% used [0x000000077ad80000,0x000000077b9fd1a8,0x000000077c280000)
}
Event: 19.799 GC heap before
{Heap before GC invocations=5 (full 0):
 PSYoungGen      total 612352K, used 530738K [0x00000007d5500000, 0x0000000800000000, 0x0000000800000000)
  eden space 525312K, 100% used [0x00000007d5500000,0x00000007f5600000,0x00000007f5600000)
  from space 87040K, 6% used [0x00000007fab00000,0x00000007fb04ca30,0x0000000800000000)
  to   space 87040K, 0% used [0x00000007f5600000,0x00000007f5600000,0x00000007fab00000)
 ParOldGen       total 1398272K, used 24K [0x000000077ff80000, 0x00000007d5500000, 0x00000007d5500000)
  object space 1398272K, 0% used [0x000000077ff80000,0x000000077ff86000,0x00000007d5500000)
 PSPermGen       total 21504K, used 12805K [0x000000077ad80000, 0x000000077c280000, 0x000000077ff80000)
  object space 21504K, 59% used [0x000000077ad80000,0x000000077ba01508,0x000000077c280000)
Event: 19.813 GC heap after
Heap after GC invocations=5 (full 0):
 PSYoungGen      total 612352K, used 8774K [0x00000007d5500000, 0x0000000800000000, 0x0000000800000000)
  eden space 525312K, 0% used [0x00000007d5500000,0x00000007d5500000,0x00000007f5600000)
  from space 87040K, 10% used [0x00000007f5600000,0x00000007f5e91aa0,0x00000007fab00000)
  to   space 10752K, 0% used [0x00000007ff580000,0x00000007ff580000,0x0000000800000000)
 ParOldGen       total 1398272K, used 24K [0x000000077ff80000, 0x00000007d5500000, 0x00000007d5500000)
  object space 1398272K, 0% used [0x000000077ff80000,0x000000077ff86000,0x00000007d5500000)
 PSPermGen       total 21504K, used 12805K [0x000000077ad80000, 0x000000077c280000, 0x000000077ff80000)
  object space 21504K, 59% used [0x000000077ad80000,0x000000077ba01508,0x000000077c280000)
}

