# JRE version: Java(TM) SE Runtime Environment (7.0_51-b13) (build 1.7.0_51-b13)
# Java VM: Java HotSpot(TM) 64-Bit Server VM (24.51-b03 mixed mode bsd-amd64 compressed oops)
Heap
 PSYoungGen      total 306176K, used 178131K [0x00000007eaa80000, 0x0000000800000000, 0x0000000800000000)
  eden space 262656K, 64% used [0x00000007eaa80000,0x00000007f4f8a110,0x00000007fab00000)
  from space 43520K, 20% used [0x00000007fd580000,0x00000007fde6aca0,0x0000000800000000)
  to   space 43520K, 0% used [0x00000007fab00000,0x00000007fab00000,0x00000007fd580000)
 ParOldGen       total 699392K, used 40K [0x00000007bff80000, 0x00000007eaa80000, 0x00000007eaa80000)
  object space 699392K, 0% used [0x00000007bff80000,0x00000007bff8a000,0x00000007eaa80000)
 PSPermGen       total 21504K, used 12625K [0x00000007bad80000, 0x00000007bc280000, 0x00000007bff80000)
  object space 21504K, 58% used [0x00000007bad80000,0x00000007bb9d4798,0x00000007bc280000)
GC Heap History (8 events):
Event: 7.491 GC heap before
{Heap before GC invocations=1 (full 0):
 PSYoungGen      total 306176K, used 262656K [0x00000007eaa80000, 0x0000000800000000, 0x0000000800000000)
  eden space 262656K, 100% used [0x00000007eaa80000,0x00000007fab00000,0x00000007fab00000)
  from space 43520K, 0% used [0x00000007fd580000,0x00000007fd580000,0x0000000800000000)
  to   space 43520K, 0% used [0x00000007fab00000,0x00000007fab00000,0x00000007fd580000)
 ParOldGen       total 699392K, used 0K [0x00000007bff80000, 0x00000007eaa80000, 0x00000007eaa80000)
  object space 699392K, 0% used [0x00000007bff80000,0x00000007bff80000,0x00000007eaa80000)
 PSPermGen       total 21504K, used 12429K [0x00000007bad80000, 0x00000007bc280000, 0x00000007bff80000)
  object space 21504K, 57% used [0x00000007bad80000,0x00000007bb9a3640,0x00000007bc280000)
Event: 7.529 GC heap after
Heap after GC invocations=1 (full 0):
 PSYoungGen      total 306176K, used 20566K [0x00000007eaa80000, 0x0000000800000000, 0x0000000800000000)
  eden space 262656K, 0% used [0x00000007eaa80000,0x00000007eaa80000,0x00000007fab00000)
  from space 43520K, 47% used [0x00000007fab00000,0x00000007fbf158a8,0x00000007fd580000)
  to   space 43520K, 0% used [0x00000007fd580000,0x00000007fd580000,0x0000000800000000)
 ParOldGen       total 699392K, used 16K [0x00000007bff80000, 0x00000007eaa80000, 0x00000007eaa80000)
  object space 699392K, 0% used [0x00000007bff80000,0x00000007bff84000,0x00000007eaa80000)
 PSPermGen       total 21504K, used 12429K [0x00000007bad80000, 0x00000007bc280000, 0x00000007bff80000)
  object space 21504K, 57% used [0x00000007bad80000,0x00000007bb9a3640,0x00000007bc280000)
}
Event: 15.565 GC heap before
{Heap before GC invocations=2 (full 0):
 PSYoungGen      total 306176K, used 283222K [0x00000007eaa80000, 0x0000000800000000, 0x0000000800000000)
  eden space 262656K, 100% used [0x00000007eaa80000,0x00000007fab00000,0x00000007fab00000)
  from space 43520K, 47% used [0x00000007fab00000,0x00000007fbf158a8,0x00000007fd580000)
  to   space 43520K, 0% used [0x00000007fd580000,0x00000007fd580000,0x0000000800000000)
 ParOldGen       total 699392K, used 16K [0x00000007bff80000, 0x00000007eaa80000, 0x00000007eaa80000)
  object space 699392K, 0% used [0x00000007bff80000,0x00000007bff84000,0x00000007eaa80000)
 PSPermGen       total 21504K, used 12484K [0x00000007bad80000, 0x00000007bc280000, 0x00000007bff80000)
  object space 21504K, 58% used [0x00000007bad80000,0x00000007bb9b11c0,0x00000007bc280000)
Event: 15.578 GC heap after
Heap after GC invocations=2 (full 0):
 PSYoungGen      total 306176K, used 5723K [0x00000007eaa80000, 0x0000000800000000, 0x0000000800000000)
  eden space 262656K, 0% used [0x00000007eaa80000,0x00000007eaa80000,0x00000007fab00000)
  from space 43520K, 13% used [0x00000007fd580000,0x00000007fdb16c90,0x0000000800000000)
  to   space 43520K, 0% used [0x00000007fab00000,0x00000007fab00000,0x00000007fd580000)
 ParOldGen       total 699392K, used 24K [0x00000007bff80000, 0x00000007eaa80000, 0x00000007eaa80000)
  object space 699392K, 0% used [0x00000007bff80000,0x00000007bff86000,0x00000007eaa80000)
 PSPermGen       total 21504K, used 12484K [0x00000007bad80000, 0x00000007bc280000, 0x00000007bff80000)
  object space 21504K, 58% used [0x00000007bad80000,0x00000007bb9b11c0,0x00000007bc280000)
}
Event: 23.642 GC heap before
{Heap before GC invocations=3 (full 0):
 PSYoungGen      total 306176K, used 268379K [0x00000007eaa80000, 0x0000000800000000, 0x0000000800000000)
  eden space 262656K, 100% used [0x00000007eaa80000,0x00000007fab00000,0x00000007fab00000)
  from space 43520K, 13% used [0x00000007fd580000,0x00000007fdb16c90,0x0000000800000000)
  to   space 43520K, 0% used [0x00000007fab00000,0x00000007fab00000,0x00000007fd580000)
 ParOldGen       total 699392K, used 24K [0x00000007bff80000, 0x00000007eaa80000, 0x00000007eaa80000)
  object space 699392K, 0% used [0x00000007bff80000,0x00000007bff86000,0x00000007eaa80000)
 PSPermGen       total 21504K, used 12515K [0x00000007bad80000, 0x00000007bc280000, 0x00000007bff80000)
  object space 21504K, 58% used [0x00000007bad80000,0x00000007bb9b8c30,0x00000007bc280000)
Event: 23.650 GC heap after
Heap after GC invocations=3 (full 0):
 PSYoungGen      total 306176K, used 6139K [0x00000007eaa80000, 0x0000000800000000, 0x0000000800000000)
  eden space 262656K, 0% used [0x00000007eaa80000,0x00000007eaa80000,0x00000007fab00000)
  from space 43520K, 14% used [0x00000007fab00000,0x00000007fb0fecb0,0x00000007fd580000)
  to   space 43520K, 0% used [0x00000007fd580000,0x00000007fd580000,0x0000000800000000)
 ParOldGen       total 699392K, used 32K [0x00000007bff80000, 0x00000007eaa80000, 0x00000007eaa80000)
  object space 699392K, 0% used [0x00000007bff80000,0x00000007bff88000,0x00000007eaa80000)
 PSPermGen       total 21504K, used 12515K [0x00000007bad80000, 0x00000007bc280000, 0x00000007bff80000)
  object space 21504K, 58% used [0x00000007bad80000,0x00000007bb9b8c30,0x00000007bc280000)
}
Event: 49.641 GC heap before
{Heap before GC invocations=4 (full 0):
 PSYoungGen      total 306176K, used 268795K [0x00000007eaa80000, 0x0000000800000000, 0x0000000800000000)
  eden space 262656K, 100% used [0x00000007eaa80000,0x00000007fab00000,0x00000007fab00000)
  from space 43520K, 14% used [0x00000007fab00000,0x00000007fb0fecb0,0x00000007fd580000)
  to   space 43520K, 0% used [0x00000007fd580000,0x00000007fd580000,0x0000000800000000)
 ParOldGen       total 699392K, used 32K [0x00000007bff80000, 0x00000007eaa80000, 0x00000007eaa80000)
  object space 699392K, 0% used [0x00000007bff80000,0x00000007bff88000,0x00000007eaa80000)
 PSPermGen       total 21504K, used 12579K [0x00000007bad80000, 0x00000007bc280000, 0x00000007bff80000)
  object space 21504K, 58% used [0x00000007bad80000,0x00000007bb9c8dd8,0x00000007bc280000)
Event: 49.653 GC heap after
Heap after GC invocations=4 (full 0):
 PSYoungGen      total 306176K, used 9131K [0x00000007eaa80000, 0x0000000800000000, 0x0000000800000000)
  eden space 262656K, 0% used [0x00000007eaa80000,0x00000007eaa80000,0x00000007fab00000)
  from space 43520K, 20% used [0x00000007fd580000,0x00000007fde6aca0,0x0000000800000000)
  to   space 43520K, 0% used [0x00000007fab00000,0x00000007fab00000,0x00000007fd580000)
 ParOldGen       total 699392K, used 40K [0x00000007bff80000, 0x00000007eaa80000, 0x00000007eaa80000)
  object space 699392K, 0% used [0x00000007bff80000,0x00000007bff8a000,0x00000007eaa80000)
 PSPermGen       total 21504K, used 12579K [0x00000007bad80000, 0x00000007bc280000, 0x00000007bff80000)
  object space 21504K, 58% used [0x00000007bad80000,0x00000007bb9c8dd8,0x00000007bc280000)
}

