# JRE version: Java(TM) SE Runtime Environment (7.0_51-b13) (build 1.7.0_51-b13)
# Java VM: Java HotSpot(TM) 64-Bit Server VM (24.51-b03 mixed mode bsd-amd64 compressed oops)
Heap
 PSYoungGen      total 686080K, used 377791K [0x0000000162480000, 0x000000018cf80000, 0x000000018cf80000)
  eden space 673280K, 55% used [0x0000000162480000,0x00000001791f3c70,0x000000018b600000)
  from space 12800K, 27% used [0x000000018b600000,0x000000018b97c0e0,0x000000018c280000)
  to   space 12288K, 0% used [0x000000018c380000,0x000000018c380000,0x000000018cf80000)
 ParOldGen       total 1398272K, used 37307K [0x000000010cf00000, 0x0000000162480000, 0x0000000162480000)
  object space 1398272K, 2% used [0x000000010cf00000,0x000000010f36ecd8,0x0000000162480000)
 PSPermGen       total 21504K, used 12776K [0x0000000107d00000, 0x0000000109200000, 0x000000010cf00000)
  object space 21504K, 59% used [0x0000000107d00000,0x000000010897a3e0,0x0000000109200000)
GC Heap History (10 events):
Event: 25.329 GC heap before
{Heap before GC invocations=13 (full 0):
 PSYoungGen      total 685056K, used 674552K [0x0000000162480000, 0x000000018cf80000, 0x000000018cf80000)
  eden space 671744K, 100% used [0x0000000162480000,0x000000018b480000,0x000000018b480000)
  from space 13312K, 21% used [0x000000018c280000,0x000000018c53e0e0,0x000000018cf80000)
  to   space 13824K, 0% used [0x000000018b480000,0x000000018b480000,0x000000018c200000)
 ParOldGen       total 1398272K, used 24751K [0x000000010cf00000, 0x0000000162480000, 0x0000000162480000)
  object space 1398272K, 1% used [0x000000010cf00000,0x000000010e72bee8,0x0000000162480000)
 PSPermGen       total 21504K, used 12762K [0x0000000107d00000, 0x0000000109200000, 0x000000010cf00000)
  object space 21504K, 59% used [0x0000000107d00000,0x0000000108976ae8,0x0000000109200000)
Event: 25.339 GC heap after
Heap after GC invocations=13 (full 0):
 PSYoungGen      total 685568K, used 2372K [0x0000000162480000, 0x000000018cf80000, 0x000000018cf80000)
  eden space 671744K, 0% used [0x0000000162480000,0x0000000162480000,0x000000018b480000)
  from space 13824K, 17% used [0x000000018b480000,0x000000018b6d10a0,0x000000018c200000)
  to   space 13824K, 0% used [0x000000018c200000,0x000000018c200000,0x000000018cf80000)
 ParOldGen       total 1398272K, used 27472K [0x000000010cf00000, 0x0000000162480000, 0x0000000162480000)
  object space 1398272K, 1% used [0x000000010cf00000,0x000000010e9d4148,0x0000000162480000)
 PSPermGen       total 21504K, used 12762K [0x0000000107d00000, 0x0000000109200000, 0x000000010cf00000)
  object space 21504K, 59% used [0x0000000107d00000,0x0000000108976ae8,0x0000000109200000)
}
Event: 26.814 GC heap before
{Heap before GC invocations=14 (full 0):
 PSYoungGen      total 685568K, used 674116K [0x0000000162480000, 0x000000018cf80000, 0x000000018cf80000)
  eden space 671744K, 100% used [0x0000000162480000,0x000000018b480000,0x000000018b480000)
  from space 13824K, 17% used [0x000000018b480000,0x000000018b6d10a0,0x000000018c200000)
  to   space 13824K, 0% used [0x000000018c200000,0x000000018c200000,0x000000018cf80000)
 ParOldGen       total 1398272K, used 27472K [0x000000010cf00000, 0x0000000162480000, 0x0000000162480000)
  object space 1398272K, 1% used [0x000000010cf00000,0x000000010e9d4148,0x0000000162480000)
 PSPermGen       total 21504K, used 12764K [0x0000000107d00000, 0x0000000109200000, 0x000000010cf00000)
  object space 21504K, 59% used [0x0000000107d00000,0x00000001089771d8,0x0000000109200000)
Event: 26.823 GC heap after
Heap after GC invocations=14 (full 0):
 PSYoungGen      total 686080K, used 2244K [0x0000000162480000, 0x000000018cf80000, 0x000000018cf80000)
  eden space 672256K, 0% used [0x0000000162480000,0x0000000162480000,0x000000018b500000)
  from space 13824K, 16% used [0x000000018c200000,0x000000018c4310a0,0x000000018cf80000)
  to   space 13312K, 0% used [0x000000018b500000,0x000000018b500000,0x000000018c200000)
 ParOldGen       total 1398272K, used 29711K [0x000000010cf00000, 0x0000000162480000, 0x0000000162480000)
  object space 1398272K, 2% used [0x000000010cf00000,0x000000010ec03f18,0x0000000162480000)
 PSPermGen       total 21504K, used 12764K [0x0000000107d00000, 0x0000000109200000, 0x000000010cf00000)
  object space 21504K, 59% used [0x0000000107d00000,0x00000001089771d8,0x0000000109200000)
}
Event: 28.125 GC heap before
{Heap before GC invocations=15 (full 0):
 PSYoungGen      total 686080K, used 674500K [0x0000000162480000, 0x000000018cf80000, 0x000000018cf80000)
  eden space 672256K, 100% used [0x0000000162480000,0x000000018b500000,0x000000018b500000)
  from space 13824K, 16% used [0x000000018c200000,0x000000018c4310a0,0x000000018cf80000)
  to   space 13312K, 0% used [0x000000018b500000,0x000000018b500000,0x000000018c200000)
 ParOldGen       total 1398272K, used 29711K [0x000000010cf00000, 0x0000000162480000, 0x0000000162480000)
  object space 1398272K, 2% used [0x000000010cf00000,0x000000010ec03f18,0x0000000162480000)
 PSPermGen       total 21504K, used 12766K [0x0000000107d00000, 0x0000000109200000, 0x000000010cf00000)
  object space 21504K, 59% used [0x0000000107d00000,0x0000000108977900,0x0000000109200000)
Event: 28.134 GC heap after
Heap after GC invocations=15 (full 0):
 PSYoungGen      total 685568K, used 1960K [0x0000000162480000, 0x000000018cf80000, 0x000000018cf80000)
  eden space 672256K, 0% used [0x0000000162480000,0x0000000162480000,0x000000018b500000)
  from space 13312K, 14% used [0x000000018b500000,0x000000018b6ea060,0x000000018c200000)
  to   space 13312K, 0% used [0x000000018c280000,0x000000018c280000,0x000000018cf80000)
 ParOldGen       total 1398272K, used 31870K [0x000000010cf00000, 0x0000000162480000, 0x0000000162480000)
  object space 1398272K, 2% used [0x000000010cf00000,0x000000010ee1f898,0x0000000162480000)
 PSPermGen       total 21504K, used 12766K [0x0000000107d00000, 0x0000000109200000, 0x000000010cf00000)
  object space 21504K, 59% used [0x0000000107d00000,0x0000000108977900,0x0000000109200000)
}
Event: 29.845 GC heap before
{Heap before GC invocations=16 (full 0):
 PSYoungGen      total 685568K, used 674216K [0x0000000162480000, 0x000000018cf80000, 0x000000018cf80000)
  eden space 672256K, 100% used [0x0000000162480000,0x000000018b500000,0x000000018b500000)
  from space 13312K, 14% used [0x000000018b500000,0x000000018b6ea060,0x000000018c200000)
  to   space 13312K, 0% used [0x000000018c280000,0x000000018c280000,0x000000018cf80000)
 ParOldGen       total 1398272K, used 31870K [0x000000010cf00000, 0x0000000162480000, 0x0000000162480000)
  object space 1398272K, 2% used [0x000000010cf00000,0x000000010ee1f898,0x0000000162480000)
 PSPermGen       total 21504K, used 12767K [0x0000000107d00000, 0x0000000109200000, 0x000000010cf00000)
  object space 21504K, 59% used [0x0000000107d00000,0x0000000108977e38,0x0000000109200000)
Event: 29.854 GC heap after
Heap after GC invocations=16 (full 0):
 PSYoungGen      total 686592K, used 3748K [0x0000000162480000, 0x000000018cf80000, 0x000000018cf80000)
  eden space 673280K, 0% used [0x0000000162480000,0x0000000162480000,0x000000018b600000)
  from space 13312K, 28% used [0x000000018c280000,0x000000018c629110,0x000000018cf80000)
  to   space 12800K, 0% used [0x000000018b600000,0x000000018b600000,0x000000018c280000)
 ParOldGen       total 1398272K, used 33666K [0x000000010cf00000, 0x0000000162480000, 0x0000000162480000)
  object space 1398272K, 2% used [0x000000010cf00000,0x000000010efe0a28,0x0000000162480000)
 PSPermGen       total 21504K, used 12767K [0x0000000107d00000, 0x0000000109200000, 0x000000010cf00000)
  object space 21504K, 59% used [0x0000000107d00000,0x0000000108977e38,0x0000000109200000)
}
Event: 31.583 GC heap before
{Heap before GC invocations=17 (full 0):
 PSYoungGen      total 686592K, used 677028K [0x0000000162480000, 0x000000018cf80000, 0x000000018cf80000)
  eden space 673280K, 100% used [0x0000000162480000,0x000000018b600000,0x000000018b600000)
  from space 13312K, 28% used [0x000000018c280000,0x000000018c629110,0x000000018cf80000)
  to   space 12800K, 0% used [0x000000018b600000,0x000000018b600000,0x000000018c280000)
 ParOldGen       total 1398272K, used 33666K [0x000000010cf00000, 0x0000000162480000, 0x0000000162480000)
  object space 1398272K, 2% used [0x000000010cf00000,0x000000010efe0a28,0x0000000162480000)
 PSPermGen       total 21504K, used 12771K [0x0000000107d00000, 0x0000000109200000, 0x000000010cf00000)
  object space 21504K, 59% used [0x0000000107d00000,0x0000000108978c38,0x0000000109200000)
Event: 31.596 GC heap after
Heap after GC invocations=17 (full 0):
 PSYoungGen      total 686080K, used 3568K [0x0000000162480000, 0x000000018cf80000, 0x000000018cf80000)
  eden space 673280K, 0% used [0x0000000162480000,0x0000000162480000,0x000000018b600000)
  from space 12800K, 27% used [0x000000018b600000,0x000000018b97c0e0,0x000000018c280000)
  to   space 12288K, 0% used [0x000000018c380000,0x000000018c380000,0x000000018cf80000)
 ParOldGen       total 1398272K, used 37307K [0x000000010cf00000, 0x0000000162480000, 0x0000000162480000)
  object space 1398272K, 2% used [0x000000010cf00000,0x000000010f36ecd8,0x0000000162480000)
 PSPermGen       total 21504K, used 12771K [0x0000000107d00000, 0x0000000109200000, 0x000000010cf00000)
  object space 21504K, 59% used [0x0000000107d00000,0x0000000108978c38,0x0000000109200000)
}

